<?xml version="1.0" encoding="UTF-8"?>
<!-- Generated by org.testng.reporters.JUnitReportReporter -->
<testsuite hostname="Home" failures="0" tests="1" name="testNGpra.Test1" time="0.004" errors="0" timestamp="2024-12-17T19:23:29 IST" skipped="0">
  <testcase classname="testNGpra.Test1" name="f" time="0.004"/>
  <system-out/>
</testsuite> <!-- testNGpra.Test1 -->
