<?xml version="1.0" encoding="UTF-8"?>
<!-- Generated by org.testng.reporters.JUnitReportReporter -->
<testsuite hostname="Home" failures="0" tests="1" name="testNGpra.Test3" time="0.006" errors="0" timestamp="2024-12-18T18:36:01 IST" skipped="0">
  <testcase classname="testNGpra.Test3" name="StartaupFlipcardAction" time="0.006"/>
  <system-out/>
</testsuite> <!-- testNGpra.Test3 -->
