<?xml version="1.0" encoding="UTF-8"?>
<!-- Generated by org.testng.reporters.JUnitReportReporter -->
<testsuite hostname="Home" failures="0" tests="1" name="testNGpra.NewTest" time="0.019" errors="0" timestamp="2024-12-17T19:18:04 IST" skipped="0">
  <testcase classname="testNGpra.NewTest" name="f" time="0.019"/>
  <system-out/>
</testsuite> <!-- testNGpra.NewTest -->
