<?xml version="1.0" encoding="UTF-8"?>
<!-- Generated by org.testng.reporters.JUnitReportReporter -->
<testsuite hostname="Home" failures="0" tests="4" name="testNGpra.Test2" time="0.012" errors="0" timestamp="2024-12-17T19:47:32 IST" skipped="1">
  <testcase classname="testNGpra.Test2" name="u" time="0.008"/>
  <system-out/>
  <testcase classname="testNGpra.Test2" name="h" time="0.000"/>
  <system-out/>
  <testcase classname="testNGpra.Test2" name="f" time="0.004"/>
  <system-out/>
  <testcase classname="testNGpra.Test2" name="s">
    <skipped/>
  </testcase> <!-- s -->
  <system-out/>
</testsuite> <!-- testNGpra.Test2 -->
